<?xml version="1.0" encoding="UTF-8" ?>
<testsuite errors="0" failures="0" hostname="sbennetts-10043" name="com.thebodgeitstore.selenium.tests.FunctionalZAP" tests="1" time="46.943" timestamp="2012-06-12T12:54:17">
  <properties>
    <property name="ant.project.invoked-targets" value="zap-test" />
    <property name="java.runtime.name" value="Java(TM) SE Runtime Environment" />
    <property name="sun.boot.library.path" value="C:\Program Files\Java\jre7\bin" />
    <property name="java.vm.version" value="23.0-b21" />
    <property name="ant.library.dir" value="C:\sb\eclipse\plugins\org.apache.ant_1.8.2.v20120109-1030\lib" />
    <property name="ant.version" value="Apache Ant(TM) version 1.8.2 compiled on December 20 2010" />
    <property name="ant.java.version" value="1.7" />
    <property name="java.vm.vendor" value="Oracle Corporation" />
    <property name="java.vendor.url" value="http://java.oracle.com/" />
    <property name="path.separator" value=";" />
    <property name="java.vm.name" value="Java HotSpot(TM) 64-Bit Server VM" />
    <property name="file.encoding.pkg" value="sun.io" />
    <property name="user.script" value="" />
    <property name="user.country" value="GB" />
    <property name="sun.java.launcher" value="SUN_STANDARD" />
    <property name="sun.os.patch.level" value="Service Pack 1" />
    <property name="java.vm.specification.name" value="Java Virtual Machine Specification" />
    <property name="user.dir" value="C:\sb\workspace\bodgeit" />
    <property name="java.runtime.version" value="1.7.0_04-b22" />
    <property name="java.awt.graphicsenv" value="sun.awt.Win32GraphicsEnvironment" />
    <property name="basedir" value="C:\sb\workspace\bodgeit" />
    <property name="java.endorsed.dirs" value="C:\Program Files\Java\jre7\lib\endorsed" />
    <property name="os.arch" value="amd64" />
    <property name="ant.project.default-target" value="compile" />
    <property name="java.io.tmpdir" value="C:\Users\test\AppData\Local\Temp\" />
    <property name="ant.core.lib" value="C:\sb\eclipse\plugins\org.apache.ant_1.8.2.v20120109-1030\lib\ant.jar" />
    <property name="line.separator" value="&#xd;&#xa;" />
    <property name="java.vm.specification.vendor" value="Oracle Corporation" />
    <property name="user.variant" value="" />
    <property name="os.name" value="Windows 7" />
    <property name="ant.home" value="C:\sb\eclipse\plugins\org.apache.ant_1.8.2.v20120109-1030" />
    <property name="zap.session" value="zap.session" />
    <property name="sun.jnu.encoding" value="Cp1252" />
    <property name="zap.targetApp" value="http://localhost:8080/bodgeit/" />
    <property name="zap.addr" value="localhost" />
    <property name="zap.proxy" value="localhost:8090" />
    <property name="java.library.path" value="C:\Program Files\Java\jre7\bin;C:\Windows\Sun\Java\bin;C:\Windows\system32;C:\Windows;C:\Program Files\Common Files\Microsoft Shared\Windows Live;C:\Program Files (x86)\Common Files\Microsoft Shared\Windows Live;C:\Windows\system32;C:\Windows;C:\Windows\System32\Wbem;C:\Windows\System32\WindowsPowerShell\v1.0\;C:\Program Files\Intel\WiFi\bin\;C:\Program Files\Common Files\Intel\WirelessCommon\;C:\Program Files\ThinkPad\Bluetooth Software\;C:\Program Files\ThinkPad\Bluetooth Software\syswow64;C:\Program Files\Broadcom\WHL\;C:\Program Files\Broadcom\WHL\syswow64;C:\Program Files\Broadcom\WHL\SysWow64\;C:\Program Files\Broadcom\WHL\SysWow64\syswow64;C:\Program Files (x86)\Common Files\Lenovo;C:\Program Files (x86)\X-Rite\Devices\Services;C:\Program Files (x86)\X-Rite\Devices\Lib;C:\Program Files (x86)\Common Files\Ulead Systems\MPEG;C:\Program Files\Common Files\Lenovo;C:\Program Files (x86)\Windows Live\Shared;C:\Program Files (x86)\Lenovo\Access Connections\;C:\SWTOOLS\ReadyApps;C:\Program Files (x86)\Intel\Services\IPT\;C:\Program Files (x86)\Symantec\VIP Access Client\;C:\Program Files (x86)\OpenVPN\bin;." />
    <property name="java.specification.name" value="Java Platform API Specification" />
    <property name="java.class.version" value="51.0" />
    <property name="sun.management.compiler" value="HotSpot 64-Bit Tiered Compilers" />
    <property name="os.version" value="6.1" />
    <property name="zap.dir" value="C:\Program Files (x86)\OWASP\Zed Attack Proxy" />
    <property name="ant.file" value="C:\sb\workspace\bodgeit\build.xml" />
    <property name="zap.target" value="http://localhost:8080/" />
    <property name="user.home" value="C:\Users\test" />
    <property name="user.timezone" value="" />
    <property name="java.awt.printerjob" value="sun.awt.windows.WPrinterJob" />
    <property name="java.specification.version" value="1.7" />
    <property name="file.encoding" value="Cp1252" />
    <property name="user.name" value="test" />
    <property name="java.class.path" value="C:\sb\workspace\bodgeit\root\WEB-INF\lib\commons-lang3-3.1.jar;C:\sb\workspace\bodgeit\root\WEB-INF\lib\hsqldb.jar;C:\sb\workspace\bodgeit\root\WEB-INF\lib\servlet-api.jar;C:\sb\workspace\bodgeit\lib\ant.jar;C:\sb\workspace\bodgeit\lib\apache-mime4j-0.6.jar;C:\sb\workspace\bodgeit\lib\bsh-1.3.0.jar;C:\sb\workspace\bodgeit\lib\cglib-nodep-2.1_3.jar;C:\sb\workspace\bodgeit\lib\commons-codec-1.6.jar;C:\sb\workspace\bodgeit\lib\commons-collections-3.2.1.jar;C:\sb\workspace\bodgeit\lib\commons-exec-1.1.jar;C:\sb\workspace\bodgeit\lib\commons-io-2.0.1.jar;C:\sb\workspace\bodgeit\lib\commons-jxpath-1.3.jar;C:\sb\workspace\bodgeit\lib\commons-lang-2.6.jar;C:\sb\workspace\bodgeit\lib\commons-logging-1.1.1.jar;C:\sb\workspace\bodgeit\lib\cssparser-0.9.5.jar;C:\sb\workspace\bodgeit\lib\guava-12.0.jar;C:\sb\workspace\bodgeit\lib\hamcrest-core-1.1.jar;C:\sb\workspace\bodgeit\lib\hamcrest-library-1.1.jar;C:\sb\workspace\bodgeit\lib\htmlunit-2.9.jar;C:\sb\workspace\bodgeit\lib\htmlunit-core-js-2.9.jar;C:\sb\workspace\bodgeit\lib\httpclient-4.1.3.jar;C:\sb\workspace\bodgeit\lib\httpcore-4.1.3.jar;C:\sb\workspace\bodgeit\lib\httpmime-4.1.3.jar;C:\sb\workspace\bodgeit\lib\ini4j-0.5.2.jar;C:\sb\workspace\bodgeit\lib\jcommander-1.13.jar;C:\sb\workspace\bodgeit\lib\jna-3.4.0.jar;C:\sb\workspace\bodgeit\lib\jna-platform-3.4.0.jar;C:\sb\workspace\bodgeit\lib\json-20080701.jar;C:\sb\workspace\bodgeit\lib\junit-dep-4.10.jar;C:\sb\workspace\bodgeit\lib\nekohtml-1.9.15.jar;C:\sb\workspace\bodgeit\lib\netty-3.2.7.Final.jar;C:\sb\workspace\bodgeit\lib\operadriver-0.14.jar;C:\sb\workspace\bodgeit\lib\protobuf-java-2.4.1.jar;C:\sb\workspace\bodgeit\lib\sac-1.3.jar;C:\sb\workspace\bodgeit\lib\selenium-java-2.23.1.jar;C:\sb\workspace\bodgeit\lib\serializer-2.7.1.jar;C:\sb\workspace\bodgeit\lib\testng-6.0.1-nobsh-noguice.jar;C:\sb\workspace\bodgeit\lib\webbit-0.4.8-SNAPSHOT.jar;C:\sb\workspace\bodgeit\lib\xalan-2.7.1.jar;C:\sb\workspace\bodgeit\lib\xercesImpl-2.9.1.jar;C:\sb\workspace\bodgeit\lib\xml-apis-1.3.04.jar;C:\sb\workspace\bodgeit\bin;C:\sb\eclipse\plugins\org.apache.ant_1.8.2.v20120109-1030\lib\ant-launcher.jar;C:\sb\eclipse\plugins\org.apache.ant_1.8.2.v20120109-1030\lib\ant.jar;C:\sb\eclipse\plugins\org.apache.ant_1.8.2.v20120109-1030\lib\ant-junit.jar;C:\sb\eclipse\plugins\org.apache.ant_1.8.2.v20120109-1030\lib\ant-junit4.jar" />
    <property name="zap.port" value="8090" />
    <property name="java.vm.specification.version" value="1.7" />
    <property name="java.home" value="C:\Program Files\Java\jre7" />
    <property name="sun.java.command" value="org.apache.tools.ant.taskdefs.optional.junit.JUnitTestRunner com.thebodgeitstore.selenium.tests.FunctionalZAP filtertrace=true haltOnError=false haltOnFailure=false formatter=org.apache.tools.ant.taskdefs.optional.junit.SummaryJUnitResultFormatter showoutput=false outputtoformatters=true logfailedtests=true logtestlistenerevents=false formatter=org.apache.tools.ant.taskdefs.optional.junit.PlainJUnitResultFormatter,C:\sb\workspace\bodgeit\build\tests\TEST-com.thebodgeitstore.selenium.tests.FunctionalZAP.txt formatter=org.apache.tools.ant.taskdefs.optional.junit.XMLJUnitResultFormatter,C:\sb\workspace\bodgeit\build\tests\TEST-com.thebodgeitstore.selenium.tests.FunctionalZAP.xml crashfile=C:\sb\workspace\bodgeit\junitvmwatcher1307372264083612813.properties propsfile=C:\sb\workspace\bodgeit\junit1000359908519088296.properties" />
    <property name="sun.arch.data.model" value="64" />
    <property name="java.specification.vendor" value="Oracle Corporation" />
    <property name="user.language" value="en" />
    <property name="awt.toolkit" value="sun.awt.windows.WToolkit" />
    <property name="java.vm.info" value="mixed mode" />
    <property name="java.version" value="1.7.0_04" />
    <property name="java.ext.dirs" value="C:\Program Files\Java\jre7\lib\ext;C:\Windows\Sun\Java\lib\ext" />
    <property name="sun.boot.class.path" value="C:\Program Files\Java\jre7\lib\resources.jar;C:\Program Files\Java\jre7\lib\rt.jar;C:\Program Files\Java\jre7\lib\sunrsasign.jar;C:\Program Files\Java\jre7\lib\jsse.jar;C:\Program Files\Java\jre7\lib\jce.jar;C:\Program Files\Java\jre7\lib\charsets.jar;C:\Program Files\Java\jre7\lib\jfr.jar;C:\Program Files\Java\jre7\classes" />
    <property name="java.vendor" value="Oracle Corporation" />
    <property name="deploy.dir" value="C:\Program Files\Apache Software Foundation\Tomcat 7.0\webapps" />
    <property name="file.separator" value="\" />
    <property name="java.vendor.url.bug" value="http://bugreport.sun.com/bugreport/" />
    <property name="sun.cpu.endian" value="little" />
    <property name="sun.io.unicode.encoding" value="UnicodeLittle" />
    <property name="sun.desktop" value="windows" />
    <property name="sun.cpu.isalist" value="amd64" />
  </properties>
  <testcase classname="com.thebodgeitstore.selenium.tests.FunctionalZAP" name="testAll" time="46.815" />
  <system-out><![CDATA[]]></system-out>
  <system-err><![CDATA[]]></system-err>
</testsuite>
